<?xml version="1.0" encoding="UTF-8"?>
<!-- Generated by org.testng.reporters.JUnitReportReporter -->
<testsuite hostname="Revathi" failures="0" tests="4" name="api.test.UserTests2" time="4.978" errors="0" timestamp="2024-03-24T14:55:23 CET" skipped="0">
  <testcase classname="api.test.UserTests2" name="testPostUser" time="2.007"/>
  <system-out/>
  <testcase classname="api.test.UserTests2" name="testGetUserByName" time="0.630"/>
  <system-out/>
  <testcase classname="api.test.UserTests2" name="testUpdateUserByName" time="1.780"/>
  <system-out/>
  <testcase classname="api.test.UserTests2" name="testDeleteUserByName" time="0.561"/>
  <system-out/>
</testsuite> <!-- api.test.UserTests2 -->
