<?xml version="1.0" encoding="UTF-8"?>
<!-- Generated by org.testng.reporters.JUnitReportReporter -->
<testsuite hostname="Revathi" failures="0" tests="8" name="api.test.DDTests" time="4.756" errors="0" timestamp="2024-03-24T14:48:31 CET" skipped="0">
  <testcase classname="api.test.DDTests" name="testPostUsers" time="0.610"/>
  <system-out/>
  <testcase classname="api.test.DDTests" name="testPostUsers" time="0.572"/>
  <system-out/>
  <testcase classname="api.test.DDTests" name="testPostUsers" time="0.609"/>
  <system-out/>
  <testcase classname="api.test.DDTests" name="testPostUsers" time="0.604"/>
  <system-out/>
  <testcase classname="api.test.DDTests" name="testDeleteUsers" time="0.604"/>
  <system-out/>
  <testcase classname="api.test.DDTests" name="testDeleteUsers" time="0.599"/>
  <system-out/>
  <testcase classname="api.test.DDTests" name="testDeleteUsers" time="0.605"/>
  <system-out/>
  <testcase classname="api.test.DDTests" name="testDeleteUsers" time="0.553"/>
  <system-out/>
</testsuite> <!-- api.test.DDTests -->
