<?xml version="1.0" encoding="UTF-8"?>
<!-- Generated by org.testng.reporters.JUnitReportReporter -->
<testsuite hostname="Revathi" failures="0" tests="4" name="api.test.UserTests" time="6.952" errors="0" timestamp="2024-03-24T14:24:49 CET" skipped="0">
  <testcase classname="api.test.UserTests" name="testPostUser" time="2.953"/>
  <system-out/>
  <testcase classname="api.test.UserTests" name="testGetUserByName" time="0.926"/>
  <system-out/>
  <testcase classname="api.test.UserTests" name="testUpdateUserByName" time="2.224"/>
  <system-out/>
  <testcase classname="api.test.UserTests" name="testDeleteUserByName" time="0.849"/>
  <system-out/>
</testsuite> <!-- api.test.UserTests -->
