<?xml version="1.0" encoding="UTF-8"?>
<!-- Generated by org.testng.reporters.JUnitReportReporter -->
<testsuite hostname="Revathi" failures="0" tests="4" name="api.test.UserTests" time="3.493" errors="0" timestamp="2024-03-24T15:29:04 CET" skipped="0">
  <testcase classname="api.test.UserTests" name="testPostUser" time="0.610"/>
  <system-out/>
  <testcase classname="api.test.UserTests" name="testGetUserByName" time="0.554"/>
  <system-out/>
  <testcase classname="api.test.UserTests" name="testUpdateUserByName" time="1.749"/>
  <system-out/>
  <testcase classname="api.test.UserTests" name="testDeleteUserByName" time="0.580"/>
  <system-out/>
</testsuite> <!-- api.test.UserTests -->
