<?xml version="1.0" encoding="UTF-8"?>
<!-- Generated by org.testng.reporters.JUnitReportReporter -->
<testsuite hostname="Revathi" failures="0" tests="8" name="api.test.DDTests" time="6.677" errors="0" timestamp="2024-03-24T15:29:04 CET" skipped="0">
  <testcase classname="api.test.DDTests" name="testPostUsers" time="0.561"/>
  <system-out/>
  <testcase classname="api.test.DDTests" name="testPostUsers" time="2.526"/>
  <system-out/>
  <testcase classname="api.test.DDTests" name="testPostUsers" time="0.615"/>
  <system-out/>
  <testcase classname="api.test.DDTests" name="testPostUsers" time="0.599"/>
  <system-out/>
  <testcase classname="api.test.DDTests" name="testDeleteUsers" time="0.554"/>
  <system-out/>
  <testcase classname="api.test.DDTests" name="testDeleteUsers" time="0.613"/>
  <system-out/>
  <testcase classname="api.test.DDTests" name="testDeleteUsers" time="0.602"/>
  <system-out/>
  <testcase classname="api.test.DDTests" name="testDeleteUsers" time="0.607"/>
  <system-out/>
</testsuite> <!-- api.test.DDTests -->
